Using pre-set license
Built from '2020.3/staging' branch; Version is '2020.3.14f1 (d0d1bb862f9d) revision 13685179'; Using compiler version '192528614'; Build Type 'Release'
OS: 'Windows 10 Education; OS build 19042.1288; Version 2009; 64bit' Language: 'en' Physical Memory: 16180 MB
BatchMode: 1, IsHumanControllingUs: 0, StartBugReporterOnCrash: 0, Is64bit: 1, IsPro: 0

 COMMAND LINE ARGUMENTS:
C:\Program Files\Unity\Editor\Unity.exe
-adb2
-batchMode
-noUpm
-name
AssetImportWorker0
-projectPath
C:/Users/W0456839/OneDrive - Nova Scotia Community College/Unity Projects/Materials Challenge
-logFile
Logs/AssetImportWorker0.log
-srvPort
51625
Successfully changed project path to: C:/Users/W0456839/OneDrive - Nova Scotia Community College/Unity Projects/Materials Challenge
C:/Users/W0456839/OneDrive - Nova Scotia Community College/Unity Projects/Materials Challenge
Using Asset Import Pipeline V2.
Refreshing native plugins compatible for Editor in 36.96 ms, found 2 plugins.
Preloading 0 native plugins for Editor in 0.00 ms.
Initialize engine version: 2020.3.14f1 (d0d1bb862f9d)
[Subsystems] Discovering subsystems at path C:/Program Files/Unity/Editor/Data/Resources/UnitySubsystems
[Subsystems] Discovering subsystems at path C:/Users/W0456839/OneDrive - Nova Scotia Community College/Unity Projects/Materials Challenge/Assets
GfxDevice: creating device client; threaded=0
Direct3D:
    Version:  Direct3D 11.0 [level 11.0]
    Renderer: NVIDIA Quadro K2200 (ID=0x13ba)
    Vendor:   
    VRAM:     4053 MB
    Driver:   27.21.14.6192
Initialize mono
Mono path[0] = 'C:/Program Files/Unity/Editor/Data/Managed'
Mono path[1] = 'C:/Program Files/Unity/Editor/Data/MonoBleedingEdge/lib/mono/unityjit'
Mono config path = 'C:/Program Files/Unity/Editor/Data/MonoBleedingEdge/etc'
Using monoOptions --debugger-agent=transport=dt_socket,embedding=1,server=y,suspend=n,address=127.0.0.1:56208
Begin MonoManager ReloadAssembly
Registering precompiled unity dll's ...
Register platform support module: C:/Program Files/Unity/Editor/Data/PlaybackEngines/WindowsStandaloneSupport/UnityEditor.WindowsStandalone.Extensions.dll
Registered in 0.002046 seconds.
Native extension for WindowsStandalone target not found
Refreshing native plugins compatible for Editor in 33.43 ms, found 2 plugins.
Preloading 0 native plugins for Editor in 0.00 ms.
Mono: successfully reloaded assembly
- Completed reload, in  1.125 seconds
Domain Reload Profiling:
	ReloadAssembly (1125ms)
		BeginReloadAssembly (58ms)
			ExecutionOrderSort (0ms)
			DisableScriptedObjects (0ms)
			BackupInstance (0ms)
			ReleaseScriptingObjects (0ms)
			CreateAndSetChildDomain (1ms)
		EndReloadAssembly (440ms)
			LoadAssemblies (56ms)
			RebuildTransferFunctionScriptingTraits (0ms)
			SetupTypeCache (162ms)
			ReleaseScriptCaches (0ms)
			RebuildScriptCaches (32ms)
			SetupLoadedEditorAssemblies (169ms)
				LogAssemblyErrors (0ms)
				InitializePlatformSupportModulesInManaged (4ms)
				SetLoadedEditorAssemblies (0ms)
				RefreshPlugins (34ms)
				BeforeProcessingInitializeOnLoad (15ms)
				ProcessInitializeOnLoadAttributes (85ms)
				ProcessInitializeOnLoadMethodAttributes (31ms)
				AfterProcessingInitializeOnLoad (0ms)
				EditorAssembliesLoaded (0ms)
			ExecutionOrderSort2 (0ms)
			AwakeInstancesAfterBackupRestoration (0ms)
Platform modules already initialized, skipping
Registering precompiled user dll's ...
Registered in 0.004734 seconds.
Begin MonoManager ReloadAssembly
Native extension for WindowsStandalone target not found
Refreshing native plugins compatible for Editor in 0.34 ms, found 2 plugins.
Preloading 0 native plugins for Editor in 0.00 ms.
Mono: successfully reloaded assembly
- Completed reload, in  1.071 seconds
Domain Reload Profiling:
	ReloadAssembly (1072ms)
		BeginReloadAssembly (169ms)
			ExecutionOrderSort (0ms)
			DisableScriptedObjects (5ms)
			BackupInstance (0ms)
			ReleaseScriptingObjects (0ms)
			CreateAndSetChildDomain (20ms)
		EndReloadAssembly (830ms)
			LoadAssemblies (95ms)
			RebuildTransferFunctionScriptingTraits (0ms)
			SetupTypeCache (281ms)
			ReleaseScriptCaches (0ms)
			RebuildScriptCaches (42ms)
			SetupLoadedEditorAssemblies (324ms)
				LogAssemblyErrors (0ms)
				InitializePlatformSupportModulesInManaged (5ms)
				SetLoadedEditorAssemblies (0ms)
				RefreshPlugins (0ms)
				BeforeProcessingInitializeOnLoad (93ms)
				ProcessInitializeOnLoadAttributes (214ms)
				ProcessInitializeOnLoadMethodAttributes (4ms)
				AfterProcessingInitializeOnLoad (6ms)
				EditorAssembliesLoaded (0ms)
			ExecutionOrderSort2 (0ms)
			AwakeInstancesAfterBackupRestoration (8ms)
Platform modules already initialized, skipping
========================================================================
Worker process is ready to serve import requests
Launched and connected shader compiler UnityShaderCompiler.exe after 0.04 seconds
Refreshing native plugins compatible for Editor in 0.34 ms, found 2 plugins.
Preloading 0 native plugins for Editor in 0.00 ms.
Unloading 1780 Unused Serialized files (Serialized files now loaded: 0)
System memory in use before: 82.5 MB.
System memory in use after: 82.5 MB.

Unloading 20 unused Assets to reduce memory usage. Loaded Objects now: 2216.
Total: 2.060600 ms (FindLiveObjects: 0.165400 ms CreateObjectMapping: 0.064400 ms MarkObjects: 1.728100 ms  DeleteObjects: 0.101800 ms)

AssetImportParameters requested are different than current active one (requested -> active):
  custom:framework-win-MediaFoundation: 216162199b28c13a410421893ffa2e32 -> 
  custom:video-decoder-ogg-theora: a1e56fd34408186e4bbccfd4996cb3dc -> 
  custom:container-muxer-webm: aa71ff27fc2769a1b78a27578f13a17b -> 
  custom:container-demuxer-webm: 4f35f7cbe854078d1ac9338744f61a02 -> 
  custom:container-demuxer-ogg: 62fdf1f143b41e24485cea50d1cbac27 -> 
  custom:video-encoder-webm-vp8: eb34c28f22e8b96e1ab97ce403110664 -> 
  custom:video-decoder-webm-vp8: 9c59270c3fd7afecdb556c50c9e8de78 -> 
  custom:audio-decoder-ogg-vorbis: bf7c407c2cedff20999df2af8eb42d56 -> 
  custom:audio-encoder-webm-vorbis: bf7c407c2cedff20999df2af8eb42d56 -> 
========================================================================
Received Import Request.
  path: Assets/Materials/New Material.mat
  artifactKey: Guid(04d5ea2f0fd6f344680a29ea95397190) Importer(815301076,1909f56bfc062723c751e8b465ee728b)
Start importing Assets/Materials/New Material.mat using Guid(04d5ea2f0fd6f344680a29ea95397190) Importer(815301076,1909f56bfc062723c751e8b465ee728b)  -> (artifact id: 'e2ae6d722892e17629b3b4216a3564d0') in 0.300008 seconds 
  Import took 0.302569 seconds .

========================================================================
Received Import Request.
  Time since last request: 153.138522 seconds.
  path: Assets/Materials
  artifactKey: Guid(132fde6c76095ef4cab57d61a205a5a2) Importer(815301076,1909f56bfc062723c751e8b465ee728b)
Start importing Assets/Materials using Guid(132fde6c76095ef4cab57d61a205a5a2) Importer(815301076,1909f56bfc062723c751e8b465ee728b)  -> (artifact id: '35866b296f65e402288749a2be93e140') in 0.007948 seconds 
  Import took 0.010776 seconds .

========================================================================
Received Import Request.
  Time since last request: 10.522342 seconds.
  path: Assets/Materials/Window.mat
  artifactKey: Guid(450bff84bd6f02448ac457100718a78a) Importer(815301076,1909f56bfc062723c751e8b465ee728b)
Start importing Assets/Materials/Window.mat using Guid(450bff84bd6f02448ac457100718a78a) Importer(815301076,1909f56bfc062723c751e8b465ee728b)  -> (artifact id: 'a96c75c8d43f74be6c9cefeccec69a9c') in 0.015616 seconds 
  Import took 0.019088 seconds .

========================================================================
Received Import Request.
  Time since last request: 4.900513 seconds.
  path: Assets/Materials/Wooden.mat
  artifactKey: Guid(04d5ea2f0fd6f344680a29ea95397190) Importer(815301076,1909f56bfc062723c751e8b465ee728b)
Start importing Assets/Materials/Wooden.mat using Guid(04d5ea2f0fd6f344680a29ea95397190) Importer(815301076,1909f56bfc062723c751e8b465ee728b)  -> (artifact id: '092fe0737d0f8d160536f1ad73d3b4c9') in 0.014722 seconds 
  Import took 0.017848 seconds .

========================================================================
Received Import Request.
  Time since last request: 118.813898 seconds.
  path: Assets/Materials/Stone.mat
  artifactKey: Guid(88033f86412d1504b9644d6544858aed) Importer(815301076,1909f56bfc062723c751e8b465ee728b)
Start importing Assets/Materials/Stone.mat using Guid(88033f86412d1504b9644d6544858aed) Importer(815301076,1909f56bfc062723c751e8b465ee728b)  -> (artifact id: '9a4c3b3116b388f0a0c73306a91393fa') in 0.014309 seconds 
  Import took 0.017703 seconds .

========================================================================
Received Import Request.
  Time since last request: 10.078926 seconds.
  path: Assets/Materials/stone.jfif
  artifactKey: Guid(789ccf3a16a96f44190fd0b67307e625) Importer(815301076,1909f56bfc062723c751e8b465ee728b)
Start importing Assets/Materials/stone.jfif using Guid(789ccf3a16a96f44190fd0b67307e625) Importer(815301076,1909f56bfc062723c751e8b465ee728b)  -> (artifact id: '160b2b8b488456601c0ed9b08644e44f') in 0.014085 seconds 
  Import took 0.017017 seconds .

========================================================================
Received Import Request.
  Time since last request: 312.761945 seconds.
  path: Assets/Materials/Stone.png
  artifactKey: Guid(0c3a419cc4bf4324cbc7699c7ed453b9) Importer(815301076,1909f56bfc062723c751e8b465ee728b)
Start importing Assets/Materials/Stone.png using Guid(0c3a419cc4bf4324cbc7699c7ed453b9) Importer(815301076,1909f56bfc062723c751e8b465ee728b)  -> (artifact id: '971501666fad347b41c5fb549efa7d8f') in 0.026023 seconds 
  Import took 0.029891 seconds .

========================================================================
Received Prepare
Refreshing native plugins compatible for Editor in 3.14 ms, found 2 plugins.
Preloading 0 native plugins for Editor in 0.00 ms.
Unloading 13 Unused Serialized files (Serialized files now loaded: 0)
System memory in use before: 48.6 MB.
System memory in use after: 48.7 MB.

Unloading 13 unused Assets to reduce memory usage. Loaded Objects now: 2257.
Total: 3.063400 ms (FindLiveObjects: 0.167900 ms CreateObjectMapping: 0.056700 ms MarkObjects: 2.753700 ms  DeleteObjects: 0.084100 ms)

AssetImportParameters requested are different than current active one (requested -> active):
  custom:framework-win-MediaFoundation: 216162199b28c13a410421893ffa2e32 -> 
  custom:video-decoder-ogg-theora: a1e56fd34408186e4bbccfd4996cb3dc -> 
  custom:container-muxer-webm: aa71ff27fc2769a1b78a27578f13a17b -> 
  custom:container-demuxer-webm: 4f35f7cbe854078d1ac9338744f61a02 -> 
  custom:container-demuxer-ogg: 62fdf1f143b41e24485cea50d1cbac27 -> 
  custom:video-encoder-webm-vp8: eb34c28f22e8b96e1ab97ce403110664 -> 
  custom:video-decoder-webm-vp8: 9c59270c3fd7afecdb556c50c9e8de78 -> 
  custom:audio-decoder-ogg-vorbis: bf7c407c2cedff20999df2af8eb42d56 -> 
  custom:audio-encoder-webm-vorbis: bf7c407c2cedff20999df2af8eb42d56 -> 
========================================================================
Received Import Request.
  Time since last request: 323.496511 seconds.
  path: Assets/Materials/Window.mat
  artifactKey: Guid(450bff84bd6f02448ac457100718a78a) Importer(815301076,1909f56bfc062723c751e8b465ee728b)
Start importing Assets/Materials/Window.mat using Guid(450bff84bd6f02448ac457100718a78a) Importer(815301076,1909f56bfc062723c751e8b465ee728b)  -> (artifact id: '69f10248cd21cff8c8a5ab8c972b8f79') in 0.017366 seconds 
  Import took 0.021227 seconds .

========================================================================
Received Import Request.
  Time since last request: 0.470335 seconds.
  path: Assets/Materials/Window.mat
  artifactKey: Guid(450bff84bd6f02448ac457100718a78a) Importer(815301076,1909f56bfc062723c751e8b465ee728b)
Start importing Assets/Materials/Window.mat using Guid(450bff84bd6f02448ac457100718a78a) Importer(815301076,1909f56bfc062723c751e8b465ee728b)  -> (artifact id: '69f10248cd21cff8c8a5ab8c972b8f79') in 0.008889 seconds 
  Import took 0.011784 seconds .

